<?xml version='1.0' encoding='UTF-8'?>
<beans xmlns="http://www.springframework.org/schema/beans" xmlns:xsi="http://www.w3.org/2001/XMLSchema-instance"
  xmlns:context="http://www.springframework.org/schema/context" xmlns:mvc="http://www.springframework.org/schema/mvc"
  xmlns:aop="http://www.springframework.org/schema/aop" xmlns:tx="http://www.springframework.org/schema/tx"
  xsi:schemaLocation="
        http://www.springframework.org/schema/mvc http://www.springframework.org/schema/mvc/spring-mvc-3.0.xsd
        http://www.springframework.org/schema/beans http://www.springframework.org/schema/beans/spring-beans-3.0.xsd
        http://www.springframework.org/schema/context http://www.springframework.org/schema/context/spring-context-3.0.xsd
        http://www.springframework.org/schema/aop http://www.springframework.org/schema/aop/spring-aop-3.0.xsd
        http://www.springframework.org/schema/tx http://www.springframework.org/schema/tx/spring-tx-3.0.xsd">


	<import resource="web-servlet-test.xml"/>

	<bean id="webscript.alfresco-mvc.mvc.post" class="com.gradecak.alfresco.mvc.config.AlfrescoMvcRestModuleConfigurationWithRepeatable" />

	<bean id="restJsonModule" class="org.alfresco.rest.framework.jacksonextensions.RestJsonModule">
        <property name="jsonSerializers">
            <list>
                <bean class="org.alfresco.rest.framework.jacksonextensions.SerializerOfExecutionResult" />
                <bean class="org.alfresco.rest.framework.jacksonextensions.SerializerOfCollectionWithPaging" />
                <bean class="org.alfresco.rest.framework.jacksonextensions.NodeRefSerializer" />
            </list>
        </property>
        <property name="jsonDeserializers">
            <map>
                <entry key="org.alfresco.service.cmr.repository.NodeRef"><bean class="org.alfresco.rest.framework.jacksonextensions.NodeRefDeserializer" /></entry>
                <entry key="java.lang.String"><bean class="org.alfresco.rest.framework.jacksonextensions.RestApiStringDeserializer" /></entry>
                <entry key="org.alfresco.rest.api.model.Target"><bean class="org.alfresco.rest.framework.jacksonextensions.TargetDeserializer" /></entry>
            </map>
        </property>
	</bean>
</beans>
