<?xml version="1.0" encoding="UTF-8"?>






<beans xmlns="http://www.springframework.org/schema/beans" xmlns:xsi="http://www.w3.org/2001/XMLSchema-instance"
  xmlns:context="http://www.springframework.org/schema/context" xmlns:mvc="http://www.springframework.org/schema/mvc"
  xmlns:aop="http://www.springframework.org/schema/aop" xmlns:tx="http://www.springframework.org/schema/tx"
  xsi:schemaLocation="
        http://www.springframework.org/schema/mvc http://www.springframework.org/schema/mvc/spring-mvc-3.0.xsd
        http://www.springframework.org/schema/beans http://www.springframework.org/schema/beans/spring-beans-3.0.xsd
        http://www.springframework.org/schema/context http://www.springframework.org/schema/context/spring-context-3.0.xsd
        http://www.springframework.org/schema/aop http://www.springframework.org/schema/aop/spring-aop-3.0.xsd
        http://www.springframework.org/schema/tx http://www.springframework.org/schema/tx/spring-tx-3.0.xsd">

  <context:property-placeholder location="values.properties" />

  <bean id="ServiceRegistry" class="org.mockito.Mockito" factory-method="mock">
    <constructor-arg value="org.alfresco.service.ServiceRegistry" type="java.lang.Class"/>
  </bean>
  
  <import resource="classpath:com/gradecak/alfresco-mvc/alfresco-mvc-aop.xml" />

  <bean id="test.autowiredProcessor" class="org.springframework.beans.factory.annotation.AutowiredAnnotationBeanPostProcessor" />

  <context:component-scan base-package="com.gradecak.alfresco.mvc.service" annotation-config="false">
    <context:include-filter expression="org.springframework.stereotype.Service" type="annotation" />
  </context:component-scan>

  <bean id="test.services" class="com.gradecak.alfresco.mvc.aop.PackageAutoProxyCreator">
    <property name="basePackage" value="com.gradecak.alfresco.mvc.service" />
  </bean>
</beans>
