<?xml version='1.0' encoding='UTF-8'?>
<beans xmlns="http://www.springframework.org/schema/beans" xmlns:xsi="http://www.w3.org/2001/XMLSchema-instance"
  xmlns:context="http://www.springframework.org/schema/context" xmlns:mvc="http://www.springframework.org/schema/mvc"
  xmlns:aop="http://www.springframework.org/schema/aop" xmlns:tx="http://www.springframework.org/schema/tx"
  xsi:schemaLocation="
        http://www.springframework.org/schema/mvc http://www.springframework.org/schema/mvc/spring-mvc-3.0.xsd
        http://www.springframework.org/schema/beans http://www.springframework.org/schema/beans/spring-beans-3.0.xsd
        http://www.springframework.org/schema/context http://www.springframework.org/schema/context/spring-context-3.0.xsd
        http://www.springframework.org/schema/aop http://www.springframework.org/schema/aop/spring-aop-3.0.xsd
        http://www.springframework.org/schema/tx http://www.springframework.org/schema/tx/spring-tx-3.0.xsd">

  <bean id="flashMapManager" class="org.springframework.web.servlet.support.SessionFlashMapManager">
  </bean>

  <bean id="ServiceRegistry" class="org.mockito.Mockito" factory-method="mock">
    <constructor-arg value="org.alfresco.service.ServiceRegistry" />
  </bean>
  <!-- <bean class="org.springframework.web.servlet.mvc.annotation.AnnotationMethodHandlerAdapter"> <property name="messageConverters">
    <list> <bean class="org.springframework.http.converter.json.MappingJackson2HttpMessageConverter"> </bean> </list> </property>
    </bean> -->

  <mvc:annotation-driven />

  <!-- <bean id="conversionService" class="org.springframework.context.support.ConversionServiceFactoryBean"> <property name="converters">
    <list> <bean class="com.gradecak.alfresco.mvc.jackson.Jackson2QnameSerializer" /> </list> </property> </bean> -->
  <bean id="multipartResolver" class="org.springframework.web.multipart.commons.CommonsMultipartResolver">
    <!-- one of the properties available; the maximum file size in bytes -->
    <property name="maxUploadSize" value="-1" />
  </bean>

  <context:component-scan base-package="com.gradecak.alfresco.mvc.controller">
    <context:include-filter expression="org.springframework.stereotype.Controller" type="annotation" />
  </context:component-scan>

</beans>
